<?xml version="1.0" encoding="UTF-8"?>
<testng-results ignored="0" total="1" passed="1" failed="0" skipped="0">
  <reporter-output>
  </reporter-output>
  <suite started-at="2023-12-02T10:12:50 IST" name="Default suite" finished-at="2023-12-02T10:14:15 IST" duration-ms="85489">
    <groups>
    </groups>
    <test started-at="2023-12-02T10:12:50 IST" name="Default test" finished-at="2023-12-02T10:14:15 IST" duration-ms="85489">
      <class name="framework1.demotest1">
        <test-method signature="facebookTest()[pri:0, instance:framework1.demotest1@20140db9]" started-at="2023-12-02T10:12:50 IST" name="facebookTest" finished-at="2023-12-02T10:14:15 IST" duration-ms="85392" status="PASS">
          <reporter-output>
          </reporter-output>
        </test-method> <!-- facebookTest -->
      </class> <!-- framework1.demotest1 -->
    </test> <!-- Default test -->
  </suite> <!-- Default suite -->
</testng-results>
